===========================
======World of Debug=======
===========================

Current screen: 1920 x 1080 x 16 @60Hz
Creating Inventory data, 244419252 ns, 244 ms.
Creating Inventory data, 245551609 ns, 245 ms.
Creating Inventory data, 257289545 ns, 257 ms.
Creating Inventory data, 234291759 ns, 234 ms.
Creating Inventory data, 260786680 ns, 260 ms.
Creating Inventory data, 268213280 ns, 268 ms.
Creating Inventory data, 315216341 ns, 315 ms.
Creating Inventory data, 277166509 ns, 277 ms.
Creating Inventory data, 205048052 ns, 205 ms.
Creating Inventory data, 202959949 ns, 202 ms.
Creating Inventory data, 209653169 ns, 209 ms.
Creating Inventory data, 201295624 ns, 201 ms.
Creating Inventory data, 200640927 ns, 200 ms.
Creating Inventory data, 228592774 ns, 228 ms.
Creating Inventory data, 203447444 ns, 203 ms.
Creating Inventory data, 198265887 ns, 198 ms.
Creating Inventory data, 200333036 ns, 200 ms.
Creating Inventory data, 206430143 ns, 206 ms.
Creating Inventory data, 201563747 ns, 201 ms.
Creating Inventory data, 210193689 ns, 210 ms.
Creating Inventory data, 211242658 ns, 211 ms.
Creating Inventory data, 205376470 ns, 205 ms.
Creating Inventory data, 203554351 ns, 203 ms.
Creating Inventory data, 205397424 ns, 205 ms.
Creating Inventory data, 212574289 ns, 212 ms.
Creating Inventory data, 201631739 ns, 201 ms.
Creating Inventory data, 202132919 ns, 202 ms.
Creating Inventory data, 204826114 ns, 204 ms.
Creating Inventory data, 215819979 ns, 215 ms.
Creating Inventory data, 200549843 ns, 200 ms.
Creating Inventory data, 199576564 ns, 199 ms.
Creating Inventory data, 203175901 ns, 203 ms.
Creating Inventory data, 220634205 ns, 220 ms.
Creating Inventory data, 210105598 ns, 210 ms.
Creating Inventory data, 197941317 ns, 197 ms.
Creating Inventory data, 202097425 ns, 202 ms.
Creating Inventory data, 200658032 ns, 200 ms.
Creating Inventory data, 213524477 ns, 213 ms.
Creating Inventory data, 199054003 ns, 199 ms.
Creating Inventory data, 199236601 ns, 199 ms.
Creating Inventory data, 212301891 ns, 212 ms.
Creating Inventory data, 202786332 ns, 202 ms.
Creating Inventory data, 340185915 ns, 340 ms.
Creating Inventory data, 288629053 ns, 288 ms.
Creating Inventory data, 267561576 ns, 267 ms.
Creating Inventory data, 249789821 ns, 249 ms.
Creating Inventory data, 234887016 ns, 234 ms.
Creating Inventory data, 215580508 ns, 215 ms.
Creating Inventory data, 218342552 ns, 218 ms.
Creating Inventory data, 223471938 ns, 223 ms.
Creating Inventory data, 232687303 ns, 232 ms.
Creating Inventory data, 227110618 ns, 227 ms.
Creating Inventory data, 219832832 ns, 219 ms.
Creating Inventory data, 227625909 ns, 227 ms.
Creating Inventory data, 222407575 ns, 222 ms.
Creating Inventory data, 233274007 ns, 233 ms.
Creating Inventory data, 220706046 ns, 220 ms.
Creating Inventory data, 231364225 ns, 231 ms.
Creating Inventory data, 226877134 ns, 226 ms.
Creating Inventory data, 232862630 ns, 232 ms.
Creating Inventory data, 219208924 ns, 219 ms.
Creating Inventory data, 230520944 ns, 230 ms.
Creating Inventory data, 232176289 ns, 232 ms.
Creating Inventory data, 235322769 ns, 235 ms.
Creating Inventory data, 233787160 ns, 233 ms.
Creating Inventory data, 255782160 ns, 255 ms.
Creating Inventory data, 244457311 ns, 244 ms.
Creating Inventory data, 251073985 ns, 251 ms.
Creating Inventory data, 236642426 ns, 236 ms.
Creating Inventory data, 245959565 ns, 245 ms.
Creating Inventory data, 248249509 ns, 248 ms.
Creating Inventory data, 250663463 ns, 250 ms.
Creating Inventory data, 230063811 ns, 230 ms.
Creating Inventory data, 246079728 ns, 246 ms.
Creating Inventory data, 222299813 ns, 222 ms.
Creating Inventory data, 245886868 ns, 245 ms.
Creating Inventory data, 228488005 ns, 228 ms.
Creating Inventory data, 239759828 ns, 239 ms.
Creating Inventory data, 243085483 ns, 243 ms.
Creating Inventory data, 210859077 ns, 210 ms.
Creating Inventory data, 198212861 ns, 198 ms.
Creating Inventory data, 201590687 ns, 201 ms.
Creating Inventory data, 201231053 ns, 201 ms.
Put "STONE_WALL" type block at point (64.0, 64.0)
Put "STONE_WALL" type block at point (0.0, 0.0)
Put "STONE_WALL" type block at point (0.0, 0.0)
Put "STONE_WALL" type block at point (0.0, 0.0)
Put "STONE_WALL" type block at point (0.0, 0.0)
Put "STONE_WALL" type block at point (0.0, 0.0)
Put "STONE_WALL" type block at point (0.0, 0.0)
Put "STONE_WALL" type block at point (0.0, 0.0)
Put "STONE_WALL" type block at point (0.0, 0.0)
Put "STONE_WALL" type block at point (64.0, 64.0)
Put "STONE_WALL" type block at point (64.0, 64.0)
Console ran command: [load, testmap1]
CRITICAL ERROR: 
java.io.FileNotFoundException: C:\Users\Brandon\Java Stuff\DracheGaming\2DWorld\src\main\maps\testmap1.xml (The system cannot find the file specified)
	at java.io.FileInputStream.open(Native Method)
	at java.io.FileInputStream.<init>(FileInputStream.java:146)
	at java.io.FileInputStream.<init>(FileInputStream.java:101)
	at sun.net.www.protocol.file.FileURLConnection.connect(FileURLConnection.java:90)
	at sun.net.www.protocol.file.FileURLConnection.getInputStream(FileURLConnection.java:188)
	at org.apache.xerces.impl.XMLEntityManager.setupCurrentEntity(Unknown Source)
	at org.apache.xerces.impl.XMLVersionDetector.determineDocVersion(Unknown Source)
	at org.apache.xerces.parsers.XML11Configuration.parse(Unknown Source)
	at org.apache.xerces.parsers.XML11Configuration.parse(Unknown Source)
	at org.apache.xerces.parsers.XMLParser.parse(Unknown Source)
	at org.apache.xerces.parsers.AbstractSAXParser.parse(Unknown Source)
	at org.apache.xerces.jaxp.SAXParserImpl$JAXPSAXParser.parse(Unknown Source)
	at org.jdom.input.SAXBuilder.build(SAXBuilder.java:489)
	at org.jdom.input.SAXBuilder.build(SAXBuilder.java:847)
	at org.jdom.input.SAXBuilder.build(SAXBuilder.java:826)
	at Game.Map.load(Map.java:46)
	at Game.Commands.load(Commands.java:16)
	at Game.Console.checkCommand(Console.java:106)
	at Game.Main.input(Main.java:146)
	at Game.Main.mainLoop(Main.java:174)
	at Game.Main.<init>(Main.java:60)
	at Game.Main.main(Main.java:260)
